<?xml version="1.0" encoding="UTF-8"?>
<!-- Generated by org.testng.reporters.JUnitReportReporter -->
<testsuite hostname="DESKTOP-MTSPVRR" failures="0" tests="2" name="com.log4j.test.LoginPageTest" time="8.472" errors="0" timestamp="2022-12-15T16:10:50 EST" skipped="0">
  <testcase classname="com.log4j.test.LoginPageTest" name="FBTitleTest" time="4.364"/>
  <system-out/>
  <testcase classname="com.log4j.test.LoginPageTest" name="FBLogoTest" time="4.108"/>
  <system-out/>
</testsuite> <!-- com.log4j.test.LoginPageTest -->
